#
# There is insufficient memory for the Java Runtime Environment to continue.
# Native memory allocation (malloc) failed to allocate 32744 bytes for ChunkPool::allocate
# Possible reasons:
#   The system is out of physical RAM or swap space
#   In 32 bit mode, the process size limit was hit
# Possible solutions:
#   Reduce memory load on the system
#   Increase physical memory or swap space
#   Check if swap backing store is full
#   Use 64 bit Java on a 64 bit OS
#   Decrease Java heap size (-Xmx/-Xms)
#   Decrease number of Java threads
#   Decrease Java thread stack sizes (-Xss)
#   Set larger code cache with -XX:ReservedCodeCacheSize=
# This output file may be truncated or incomplete.
#
#  Out of Memory Error (allocation.cpp:273), pid=3364, tid=0x00000000000031c0
#
# JRE version: Java(TM) SE Runtime Environment (8.0_101-b13) (build 1.8.0_101-b13)
# Java VM: Java HotSpot(TM) 64-Bit Server VM (25.101-b13 mixed mode windows-amd64 compressed oops)
# Failed to write core dump. Minidumps are not enabled by default on client versions of Windows
#

---------------  T H R E A D  ---------------

Current thread (0x00000000175b1000):  JavaThread "C1 CompilerThread2" daemon [_thread_in_native, id=12736, stack(0x0000000019160000,0x0000000019260000)]

Stack: [0x0000000019160000,0x0000000019260000]
[error occurred during error reporting (printing stack bounds), id 0xc0000005]

Native frames: (J=compiled Java code, j=interpreted, Vv=VM code, C=native code)


Current CompileTask:
C1:   1205 1011       3       sun.nio.cs.UTF_8$Encoder::encodeArrayLoop (489 bytes)


---------------  P R O C E S S  ---------------

Java Threads: ( => current thread )
  0x000000001adad000 JavaThread "SyntheticaCleanerThread" daemon [_thread_blocked, id=8468, stack(0x000000001b5f0000,0x000000001b6f0000)]
  0x000000001ab42800 JavaThread "Image Fetcher 3" daemon [_thread_blocked, id=4012, stack(0x000000001b2f0000,0x000000001b3f0000)]
  0x0000000002940800 JavaThread "DestroyJavaVM" [_thread_blocked, id=812, stack(0x0000000002810000,0x0000000002910000)]
  0x0000000018d4f800 JavaThread "AWT-EventQueue-0" [_thread_blocked, id=3776, stack(0x0000000019c60000,0x0000000019d60000)]
  0x0000000018d49800 JavaThread "AWT-Windows" daemon [_thread_in_native, id=5952, stack(0x0000000019a00000,0x0000000019b00000)]
  0x0000000018d41800 JavaThread "AWT-Shutdown" [_thread_blocked, id=9284, stack(0x0000000019900000,0x0000000019a00000)]
  0x0000000018d41000 JavaThread "Java2D Disposer" daemon [_thread_blocked, id=12532, stack(0x0000000019800000,0x0000000019900000)]
  0x00000000175ec000 JavaThread "Service Thread" daemon [_thread_blocked, id=7728, stack(0x0000000019260000,0x0000000019360000)]
=>0x00000000175b1000 JavaThread "C1 CompilerThread2" daemon [_thread_in_native, id=12736, stack(0x0000000019160000,0x0000000019260000)]
  0x00000000175ad800 JavaThread "C2 CompilerThread1" daemon [_thread_blocked, id=10044, stack(0x0000000019060000,0x0000000019160000)]
  0x00000000175a8800 JavaThread "C2 CompilerThread0" daemon [_thread_in_native, id=2468, stack(0x0000000018f60000,0x0000000019060000)]
  0x00000000189a3800 JavaThread "Attach Listener" daemon [_thread_blocked, id=5472, stack(0x0000000018e60000,0x0000000018f60000)]
  0x0000000017588800 JavaThread "Signal Dispatcher" daemon [_thread_blocked, id=3720, stack(0x0000000018d60000,0x0000000018e60000)]
  0x0000000017578800 JavaThread "Finalizer" daemon [_thread_blocked, id=7048, stack(0x00000000187e0000,0x00000000188e0000)]
  0x0000000002a31000 JavaThread "Reference Handler" daemon [_thread_blocked, id=9992, stack(0x00000000186e0000,0x00000000187e0000)]

Other Threads:
  0x0000000017557000 VMThread [stack: 0x00000000185e0000,0x00000000186e0000] [id=12384]
  0x0000000018a25000 WatcherThread [stack: 0x0000000019360000,0x0000000019460000] [id=10248]

VM state:not at safepoint (normal execution)

VM Mutex/Monitor currently owned by a thread: None

Heap:
 PSYoungGen      total 38400K, used 23933K [0x00000000d5d80000, 0x00000000d8800000, 0x0000000100000000)
  eden space 33280K, 71% used [0x00000000d5d80000,0x00000000d74df578,0x00000000d7e00000)
  from space 5120K, 0% used [0x00000000d8300000,0x00000000d8300000,0x00000000d8800000)
  to   space 5120K, 0% used [0x00000000d7e00000,0x00000000d7e00000,0x00000000d8300000)
 ParOldGen       total 87552K, used 0K [0x0000000081800000, 0x0000000086d80000, 0x00000000d5d80000)
  object space 87552K, 0% used [0x0000000081800000,0x0000000081800000,0x0000000086d80000)
 Metaspace       used 13444K, capacity 13666K, committed 13952K, reserved 1064960K
  class space    used 1830K, capacity 1909K, committed 1920K, reserved 1048576K

Card table byte_map: [0x0000000011e00000,0x0000000012200000] byte_map_base: 0x00000000119f4000

Marking Bits: (ParMarkBitMap*) 0x0000000058eea6d0
 Begin Bits: [0x00000000128b0000, 0x0000000014850000)
 End Bits:   [0x0000000014850000, 0x00000000167f0000)

Polling page: 0x0000000000cb0000

CodeCache: size=245760Kb used=3784Kb max_used=3786Kb free=241975Kb
 bounds [0x0000000002a40000, 0x0000000002e00000, 0x0000000011a40000]
 total_blobs=1469 nmethods=1009 adapters=373
 compilation: enabled

Compilation events (10 events):
Event: 1.191 Thread 0x00000000175b1000 nmethod 1006 0x0000000002df5650 code [0x0000000002df57e0, 0x0000000002df5af8]
Event: 1.191 Thread 0x00000000175b1000 1007       3       java.lang.String::valueOf (14 bytes)
Event: 1.191 Thread 0x00000000175b1000 nmethod 1007 0x0000000002df51d0 code [0x0000000002df5340, 0x0000000002df5588]
Event: 1.192 Thread 0x00000000175b1000 1009       3       java.lang.Integer::stringSize (21 bytes)
Event: 1.192 Thread 0x00000000175b1000 nmethod 1009 0x0000000002df4d50 code [0x0000000002df4ec0, 0x0000000002df50d0]
Event: 1.192 Thread 0x00000000175b1000 1008       3       java.nio.CharBuffer::arrayOffset (35 bytes)
Event: 1.192 Thread 0x00000000175b1000 nmethod 1008 0x0000000002df4750 code [0x0000000002df48e0, 0x0000000002df4bf8]
Event: 1.196 Thread 0x00000000175b1000 1010       3       java.nio.ByteBuffer::array (35 bytes)
Event: 1.196 Thread 0x00000000175b1000 nmethod 1010 0x0000000002df4150 code [0x0000000002df42e0, 0x0000000002df45f8]
Event: 1.196 Thread 0x00000000175b1000 1011       3       sun.nio.cs.UTF_8$Encoder::encodeArrayLoop (489 bytes)

GC Heap History (0 events):
No events

Deoptimization events (10 events):
Event: 0.630 Thread 0x0000000018d4f800 Uncommon trap: reason=unstable_if action=reinterpret pc=0x0000000002c7b730 method=com.sun.org.apache.xerces.internal.impl.XMLEntityScanner.peekChar()I @ 14
Event: 0.640 Thread 0x0000000018d4f800 Uncommon trap: reason=unstable_if action=reinterpret pc=0x0000000002c55eb4 method=com.sun.org.apache.xerces.internal.impl.XMLEntityScanner.checkBeforeLoad(Lcom/sun/xml/internal/stream/Entity$ScannedEntity;II)I @ 18
Event: 0.743 Thread 0x0000000018d4f800 Uncommon trap: reason=class_check action=maybe_recompile pc=0x0000000002cb7ca0 method=java.util.HashMap.getNode(ILjava/lang/Object;)Ljava/util/HashMap$Node; @ 126
Event: 0.792 Thread 0x0000000018d4f800 Uncommon trap: reason=class_check action=maybe_recompile pc=0x0000000002bccaa8 method=java.lang.String.equals(Ljava/lang/Object;)Z @ 8
Event: 0.792 Thread 0x0000000018d4f800 Uncommon trap: reason=class_check action=maybe_recompile pc=0x0000000002bccaa8 method=java.lang.String.equals(Ljava/lang/Object;)Z @ 8
Event: 0.792 Thread 0x0000000018d4f800 Uncommon trap: reason=class_check action=maybe_recompile pc=0x0000000002bccaa8 method=java.lang.String.equals(Ljava/lang/Object;)Z @ 8
Event: 0.792 Thread 0x0000000018d4f800 Uncommon trap: reason=class_check action=maybe_recompile pc=0x0000000002bccaa8 method=java.lang.String.equals(Ljava/lang/Object;)Z @ 8
Event: 0.860 Thread 0x0000000018d4f800 Uncommon trap: reason=unstable_if action=reinterpret pc=0x0000000002c32640 method=java.lang.CharacterData.of(I)Ljava/lang/CharacterData; @ 4
Event: 1.123 Thread 0x0000000018d4f800 Uncommon trap: reason=unstable_if action=reinterpret pc=0x0000000002de0b90 method=java.lang.Character.isSurrogate(C)Z @ 3
Event: 1.123 Thread 0x0000000018d4f800 Uncommon trap: reason=unstable_if action=reinterpret pc=0x0000000002d8db0c method=java.lang.String.toLowerCase(Ljava/util/Locale;)Ljava/lang/String; @ 37

Internal exceptions (10 events):
Event: 1.058 Thread 0x0000000018d4f800 Exception <a 'java/lang/NoClassDefFoundError': java/nio/channels/ClosedChannelException> (0x00000000d6e0c3d8) thrown at [C:\re\workspace\8-2-build-windows-amd64-cygwin\jdk8u101\7261\hotspot\src\share\vm\oops\constantPool.cpp, line 235]
Event: 1.058 Thread 0x0000000018d4f800 Exception <a 'java/io/IOException'> (0x00000000d6e0d388) thrown at [C:\re\workspace\8-2-build-windows-amd64-cygwin\jdk8u101\7261\hotspot\src\share\vm\prims\jni.cpp, line 709]
Event: 1.058 Thread 0x0000000018d4f800 Exception <a 'java/lang/NoClassDefFoundError': java/nio/channels/ClosedChannelException> (0x00000000d6e0d9d8) thrown at [C:\re\workspace\8-2-build-windows-amd64-cygwin\jdk8u101\7261\hotspot\src\share\vm\oops\constantPool.cpp, line 235]
Event: 1.058 Thread 0x0000000018d4f800 Exception <a 'java/io/IOException'> (0x00000000d6e0e988) thrown at [C:\re\workspace\8-2-build-windows-amd64-cygwin\jdk8u101\7261\hotspot\src\share\vm\prims\jni.cpp, line 709]
Event: 1.058 Thread 0x0000000018d4f800 Exception <a 'java/lang/NoClassDefFoundError': java/nio/channels/ClosedChannelException> (0x00000000d6e0efd8) thrown at [C:\re\workspace\8-2-build-windows-amd64-cygwin\jdk8u101\7261\hotspot\src\share\vm\oops\constantPool.cpp, line 235]
Event: 1.059 Thread 0x0000000018d4f800 Exception <a 'java/io/IOException'> (0x00000000d6e0ff88) thrown at [C:\re\workspace\8-2-build-windows-amd64-cygwin\jdk8u101\7261\hotspot\src\share\vm\prims\jni.cpp, line 709]
Event: 1.059 Thread 0x0000000018d4f800 Exception <a 'java/lang/NoClassDefFoundError': java/nio/channels/ClosedChannelException> (0x00000000d6e105d8) thrown at [C:\re\workspace\8-2-build-windows-amd64-cygwin\jdk8u101\7261\hotspot\src\share\vm\oops\constantPool.cpp, line 235]
Event: 1.189 Thread 0x0000000018d4f800 Exception <a 'java/lang/OutOfMemoryError'> (0x00000000d738d750) thrown at [C:\re\workspace\8-2-build-windows-amd64-cygwin\jdk8u101\7261\hotspot\src\share\vm\prims\unsafe.cpp, line 634]
Event: 1.189 Thread 0x0000000018d4f800 Exception <a 'java/lang/NoClassDefFoundError': java/nio/channels/ClosedChannelException> (0x00000000d738dda0) thrown at [C:\re\workspace\8-2-build-windows-amd64-cygwin\jdk8u101\7261\hotspot\src\share\vm\oops\constantPool.cpp, line 235]
Event: 1.189 Thread 0x0000000018d4f800 Exception <a 'java/lang/NoClassDefFoundError'> (0x00000000d738dda0) thrown at [C:\re\workspace\8-2-build-windows-amd64-cygwin\jdk8u101\7261\hotspot\src\share\vm\prims\jvm.cpp, line 1390]

Events (10 events):
Event: 1.184 Executing VM operation: Deoptimize
Event: 1.184 Executing VM operation: Deoptimize done
Event: 1.189 loading class java/lang/Throwable$WrappedPrintStream
Event: 1.189 loading class java/lang/Throwable$PrintStreamOrWriter
Event: 1.189 loading class java/lang/Throwable$PrintStreamOrWriter done
Event: 1.189 loading class java/lang/Throwable$WrappedPrintStream done
Event: 1.189 loading class java/util/IdentityHashMap$KeySet
Event: 1.189 loading class java/util/IdentityHashMap$KeySet done
Event: 1.197 loading class java/util/concurrent/locks/LockSupport
Event: 1.197 loading class java/util/concurrent/locks/LockSupport done


Dynamic libraries:
0x00007ff7520d0000 - 0x00007ff752107000 	C:\Program Files\Java\jre1.8.0_101\bin\javaw.exe
0x00007ffcfcda0000 - 0x00007ffcfcf71000 	C:\Windows\SYSTEM32\ntdll.dll
0x00007ffcfc8c0000 - 0x00007ffcfc96b000 	C:\Windows\System32\KERNEL32.DLL
0x00007ffcf9e50000 - 0x00007ffcfa06d000 	C:\Windows\System32\KERNELBASE.dll
0x00007ffcfacc0000 - 0x00007ffcfad62000 	C:\Windows\System32\ADVAPI32.dll
0x00007ffcfa950000 - 0x00007ffcfa9ee000 	C:\Windows\System32\msvcrt.dll
0x00007ffcfc5f0000 - 0x00007ffcfc649000 	C:\Windows\System32\sechost.dll
0x00007ffcfa820000 - 0x00007ffcfa941000 	C:\Windows\System32\RPCRT4.dll
0x00007ffcfcbc0000 - 0x00007ffcfcd25000 	C:\Windows\System32\USER32.dll
0x00007ffcf9c40000 - 0x00007ffcf9c5e000 	C:\Windows\System32\win32u.dll
0x00007ffcfcd60000 - 0x00007ffcfcd94000 	C:\Windows\System32\GDI32.dll
0x00007ffcf9cc0000 - 0x00007ffcf9e42000 	C:\Windows\System32\gdi32full.dll
0x00007ffcebef0000 - 0x00007ffcec169000 	C:\Windows\WinSxS\amd64_microsoft.windows.common-controls_6595b64144ccf1df_6.0.14393.447_none_42191651c6827bb3\COMCTL32.dll
0x00007ffcfa9f0000 - 0x00007ffcfacb8000 	C:\Windows\System32\combase.dll
0x00007ffcf9b40000 - 0x00007ffcf9c35000 	C:\Windows\System32\ucrtbase.dll
0x00007ffcf93f0000 - 0x00007ffcf945a000 	C:\Windows\System32\bcryptPrimitives.dll
0x00007ffcfcd30000 - 0x00007ffcfcd5e000 	C:\Windows\System32\IMM32.DLL
0x000000005a080000 - 0x000000005a152000 	C:\Program Files\Java\jre1.8.0_101\bin\msvcr100.dll
0x00000000586d0000 - 0x0000000058f6a000 	C:\Program Files\Java\jre1.8.0_101\bin\server\jvm.dll
0x00007ffcfc8b0000 - 0x00007ffcfc8b8000 	C:\Windows\System32\PSAPI.DLL
0x00007ffcf6fa0000 - 0x00007ffcf6fc3000 	C:\Windows\SYSTEM32\WINMM.dll
0x00007ffcefe80000 - 0x00007ffcefe89000 	C:\Windows\SYSTEM32\WSOCK32.dll
0x00007ffced240000 - 0x00007ffced24a000 	C:\Windows\SYSTEM32\VERSION.dll
0x00007ffcfcb50000 - 0x00007ffcfcbba000 	C:\Windows\System32\WS2_32.dll
0x0000000000cc0000 - 0x0000000000ceb000 	C:\Windows\SYSTEM32\WINMMBASE.dll
0x00007ffcfa2e0000 - 0x00007ffcfa322000 	C:\Windows\System32\cfgmgr32.dll
0x000000005a070000 - 0x000000005a07f000 	C:\Program Files\Java\jre1.8.0_101\bin\verify.dll
0x000000005a040000 - 0x000000005a069000 	C:\Program Files\Java\jre1.8.0_101\bin\java.dll
0x000000005a020000 - 0x000000005a036000 	C:\Program Files\Java\jre1.8.0_101\bin\zip.dll
0x00007ffcfaed0000 - 0x00007ffcfc3d9000 	C:\Windows\System32\SHELL32.dll
0x00007ffcf9460000 - 0x00007ffcf9b3a000 	C:\Windows\System32\windows.storage.dll
0x00007ffcf9230000 - 0x00007ffcf927c000 	C:\Windows\System32\powrprof.dll
0x00007ffcfa7c0000 - 0x00007ffcfa812000 	C:\Windows\System32\shlwapi.dll
0x00007ffcf9220000 - 0x00007ffcf922f000 	C:\Windows\System32\kernel.appcore.dll
0x00007ffcf9340000 - 0x00007ffcf93e9000 	C:\Windows\System32\shcore.dll
0x00007ffcf9200000 - 0x00007ffcf9214000 	C:\Windows\System32\profapi.dll
0x0000000059e80000 - 0x000000005a018000 	C:\Program Files\Java\jre1.8.0_101\bin\awt.dll
0x00007ffcfc7f0000 - 0x00007ffcfc8af000 	C:\Windows\System32\OLEAUT32.dll
0x00007ffcfa070000 - 0x00007ffcfa10c000 	C:\Windows\System32\msvcp_win.dll
0x00007ffcf7600000 - 0x00007ffcf767a000 	C:\Windows\SYSTEM32\apphelp.dll
0x00007ffcf77e0000 - 0x00007ffcf7875000 	C:\Windows\system32\uxtheme.dll
0x00007ffcfad70000 - 0x00007ffcfaecb000 	C:\Windows\System32\MSCTF.dll
0x00007ffcf6cb0000 - 0x00007ffcf6cd6000 	C:\Windows\system32\dwmapi.dll
0x00007ffcfc6b0000 - 0x00007ffcfc7e7000 	C:\Windows\System32\ole32.dll
0x0000000059e30000 - 0x0000000059e77000 	C:\Program Files\Java\jre1.8.0_101\bin\fontmanager.dll
0x0000000059e10000 - 0x0000000059e2a000 	C:\Program Files\Java\jre1.8.0_101\bin\net.dll
0x00007ffcf89e0000 - 0x00007ffcf8a3c000 	C:\Windows\system32\mswsock.dll
0x0000000059df0000 - 0x0000000059e01000 	C:\Program Files\Java\jre1.8.0_101\bin\nio.dll
0x0000000059da0000 - 0x0000000059de2000 	C:\Program Files\Java\jre1.8.0_101\bin\t2k.dll

VM Arguments:
jvm_args: -Dfile.encoding=UTF-8 
java_command: kr.or.dgit.bigdata.swmng.main.SwMngMain
java_class_path (initial): E:\workspace\workspace-java\softwaremanager\bin;C:\Users\ll052\.gradle\caches\modules-2\files-2.1\junit\junit\4.12\2973d150c0dc1fefe998f834810d68f278ea58ec\junit-4.12.jar;C:\Users\ll052\.gradle\caches\modules-2\files-2.1\log4j\log4j\1.2.17\5af35056b4d257e4b64b9e8069c0746e8b08629f\log4j-1.2.17.jar;C:\Users\ll052\.gradle\caches\modules-2\files-2.1\mysql\mysql-connector-java\5.1.40\ef2a2ceab1735eaaae0b5d1cccf574fb7c6e1c52\mysql-connector-java-5.1.40.jar;C:\Users\ll052\.gradle\caches\modules-2\files-2.1\org.hamcrest\hamcrest-core\1.3\42a25dc3219429f0e5d060061f71acb49bf010a0\hamcrest-core-1.3.jar;C:\Users\ll052\.gradle\caches\modules-2\files-2.1\org.mybatis\mybatis\3.4.1\c5624f69848187a6bf1865cf64467beecdb9fa68\mybatis-3.4.1.jar;E:\workspace\workspace-java\softwaremanager\src\myAppJar\jdatepicker-1.3.4.jar;E:\workspace\workspace-java\softwaremanager\src\myAppJar\synthetica.jar;E:\workspace\workspace-java\softwaremanager\src\myAppJar\syntheticaAluOxide.jar
Launcher Type: SUN_STANDARD

Environment Variables:
JAVA_HOME=C:\Program Files\Java\jdk1.8.0_101
PATH=C:/Program Files/Java/jre1.8.0_111/bin/server;C:/Program Files/Java/jre1.8.0_111/bin;C:/Program Files/Java/jre1.8.0_111/lib/amd64;C:\ProgramData\Oracle\Java\javapath;C:\Windows\system32;C:\Windows;C:\Windows\System32\Wbem;C:\Windows\System32\WindowsPowerShell\v1.0\;C:\Program Files\Java\jdk1.8.0_101\bin;C:\Program Files\MySQL\MySQL Server 5.6\bin;C:\eclipse-web\android-sdk\tools;C:\eclipse-web\android-sdk\platform-tools;C:\Program Files\nodejs\;C:\apache-ant-1.9.7\bin;C:\Users\ll052\AppData\Local\Microsoft\WindowsApps;C:\Program Files\Bandizip\7z;C:\Users\ll052\AppData\Roaming\npm;E:\eclipse-java-mars;
USERNAME=ll052
OS=Windows_NT
PROCESSOR_IDENTIFIER=Intel64 Family 6 Model 58 Stepping 9, GenuineIntel



---------------  S Y S T E M  ---------------

OS: Windows 10.0 , 64 bit Build 14393 (10.0.14393.0)

CPU:total 4 (2 cores per cpu, 2 threads per core) family 6 model 58 stepping 9, cmov, cx8, fxsr, mmx, sse, sse2, sse3, ssse3, sse4.1, sse4.2, popcnt, avx, aes, clmul, erms, ht, tsc, tscinvbit, tscinv

Memory: 4k page, physical 8288572k(1042972k free), swap 14767356k(416k free)

vm_info: Java HotSpot(TM) 64-Bit Server VM (25.101-b13) for windows-amd64 JRE (1.8.0_101-b13), built on Jun 22 2016 01:21:29 by "java_re" with MS VC++ 10.0 (VS2010)

time: Sat Jan 07 23:02:04 2017
elapsed time: 1 seconds (0d 0h 0m 1s)

