#
# There is insufficient memory for the Java Runtime Environment to continue.
# Native memory allocation (malloc) failed to allocate 32744 bytes for ChunkPool::allocate
# Possible reasons:
#   The system is out of physical RAM or swap space
#   In 32 bit mode, the process size limit was hit
# Possible solutions:
#   Reduce memory load on the system
#   Increase physical memory or swap space
#   Check if swap backing store is full
#   Use 64 bit Java on a 64 bit OS
#   Decrease Java heap size (-Xmx/-Xms)
#   Decrease number of Java threads
#   Decrease Java thread stack sizes (-Xss)
#   Set larger code cache with -XX:ReservedCodeCacheSize=
# This output file may be truncated or incomplete.
#
#  Out of Memory Error (allocation.cpp:273), pid=8940, tid=0x000000000000262c
#
# JRE version: Java(TM) SE Runtime Environment (8.0_101-b13) (build 1.8.0_101-b13)
# Java VM: Java HotSpot(TM) 64-Bit Server VM (25.101-b13 mixed mode windows-amd64 compressed oops)
# Failed to write core dump. Minidumps are not enabled by default on client versions of Windows
#

---------------  T H R E A D  ---------------

Current thread (0x000000001775b000):  JavaThread "C2 CompilerThread0" daemon [_thread_in_native, id=9772, stack(0x0000000018c50000,0x0000000018d50000)]

Stack: [0x0000000018c50000,0x0000000018d50000]
[error occurred during error reporting (printing stack bounds), id 0xc0000005]

Native frames: (J=compiled Java code, j=interpreted, Vv=VM code, C=native code)


Current CompileTask:
C2:   1579 1214   !   4       javax.swing.UIDefaults::getFromResourceBundle (69 bytes)


---------------  P R O C E S S  ---------------

Java Threads: ( => current thread )
  0x000000001aee1000 JavaThread "SyntheticaCleanerThread" daemon [_thread_blocked, id=5824, stack(0x000000001b6e0000,0x000000001b7e0000)]
  0x000000001ac38800 JavaThread "Image Fetcher 3" daemon [_thread_blocked, id=4312, stack(0x000000001b3e0000,0x000000001b4e0000)]
  0x0000000002ab0800 JavaThread "DestroyJavaVM" [_thread_blocked, id=10312, stack(0x00000000029b0000,0x0000000002ab0000)]
  0x000000001913c800 JavaThread "AWT-EventQueue-0" [_thread_in_native, id=6212, stack(0x0000000019d50000,0x0000000019e50000)]
  0x000000001912e000 JavaThread "AWT-Windows" daemon [_thread_in_native, id=5980, stack(0x0000000019af0000,0x0000000019bf0000)]
  0x000000001912a800 JavaThread "AWT-Shutdown" [_thread_blocked, id=5736, stack(0x00000000199f0000,0x0000000019af0000)]
  0x0000000019129800 JavaThread "Java2D Disposer" daemon [_thread_blocked, id=4976, stack(0x00000000198f0000,0x00000000199f0000)]
  0x0000000018dde800 JavaThread "Service Thread" daemon [_thread_blocked, id=12772, stack(0x0000000019350000,0x0000000019450000)]
  0x0000000018d59800 JavaThread "C1 CompilerThread2" daemon [_thread_in_native, id=4372, stack(0x0000000019250000,0x0000000019350000)]
  0x000000001775d800 JavaThread "C2 CompilerThread1" daemon [_thread_in_native, id=5040, stack(0x0000000019150000,0x0000000019250000)]
=>0x000000001775b000 JavaThread "C2 CompilerThread0" daemon [_thread_in_native, id=9772, stack(0x0000000018c50000,0x0000000018d50000)]
  0x0000000017758000 JavaThread "Attach Listener" daemon [_thread_blocked, id=8380, stack(0x0000000018b50000,0x0000000018c50000)]
  0x0000000017757800 JavaThread "Signal Dispatcher" daemon [_thread_blocked, id=7492, stack(0x0000000018a50000,0x0000000018b50000)]
  0x00000000176e9000 JavaThread "Finalizer" daemon [_thread_blocked, id=1724, stack(0x0000000018950000,0x0000000018a50000)]
  0x0000000002ba1000 JavaThread "Reference Handler" daemon [_thread_blocked, id=8748, stack(0x0000000018850000,0x0000000018950000)]

Other Threads:
  0x00000000176c7000 VMThread [stack: 0x0000000018750000,0x0000000018850000] [id=11828]
  0x0000000018e1b000 WatcherThread [stack: 0x0000000019450000,0x0000000019550000] [id=300]

VM state:not at safepoint (normal execution)

VM Mutex/Monitor currently owned by a thread: None

Heap:
 PSYoungGen      total 38400K, used 16544K [0x00000000d5d80000, 0x00000000d8800000, 0x0000000100000000)
  eden space 33280K, 49% used [0x00000000d5d80000,0x00000000d6da8380,0x00000000d7e00000)
  from space 5120K, 0% used [0x00000000d7e00000,0x00000000d7e00000,0x00000000d8300000)
  to   space 5120K, 0% used [0x00000000d8300000,0x00000000d8300000,0x00000000d8800000)
 ParOldGen       total 61440K, used 3221K [0x0000000081800000, 0x0000000085400000, 0x00000000d5d80000)
  object space 61440K, 5% used [0x0000000081800000,0x0000000081b256b0,0x0000000085400000)
 Metaspace       used 15076K, capacity 15262K, committed 15744K, reserved 1069056K
  class space    used 2063K, capacity 2137K, committed 2176K, reserved 1048576K

Card table byte_map: [0x0000000011f70000,0x0000000012370000] byte_map_base: 0x0000000011b64000

Marking Bits: (ParMarkBitMap*) 0x0000000058eea6d0
 Begin Bits: [0x0000000012a20000, 0x00000000149c0000)
 End Bits:   [0x00000000149c0000, 0x0000000016960000)

Polling page: 0x00000000024d0000

CodeCache: size=245760Kb used=4378Kb max_used=4390Kb free=241381Kb
 bounds [0x0000000002bb0000, 0x0000000003000000, 0x0000000011bb0000]
 total_blobs=1689 nmethods=1206 adapters=395
 compilation: enabled

Compilation events (10 events):
Event: 1.506 Thread 0x0000000018d59800 nmethod 1205 0x0000000002ff7590 code [0x0000000002ff7700, 0x0000000002ff78e8]
Event: 1.506 Thread 0x0000000018d59800 1206  s    3       de.javasoft.plaf.synthetica.SyntheticaStyleFactory::getStyle (142 bytes)
Event: 1.507 Thread 0x000000001775b000 nmethod 1159 0x0000000002ffa750 code [0x0000000002ffa8a0, 0x0000000002ffaa58]
Event: 1.507 Thread 0x000000001775b000 1184       4       java.lang.StringBuilder::toString (17 bytes)
Event: 1.508 Thread 0x0000000018d59800 nmethod 1206 0x0000000002ff9190 code [0x0000000002ff93c0, 0x0000000002ffa218]
Event: 1.508 Thread 0x0000000018d59800 1208   !   3       de.javasoft.plaf.synthetica.StyleFactory::getStyle (4136 bytes)
Event: 1.512 Thread 0x000000001775b000 nmethod 1184 0x0000000002ffc610 code [0x0000000002ffc760, 0x0000000002ffcad8]
Event: 1.512 Thread 0x000000001775b000 1213       4       sun.swing.plaf.synth.DefaultSynthStyle::getStateInfo (231 bytes)
Event: 1.518 Thread 0x000000001775b000 nmethod 1213 0x0000000002ffcd90 code [0x0000000002ffcee0, 0x0000000002ffd1d8]
Event: 1.518 Thread 0x000000001775b000 1214   !   4       javax.swing.UIDefaults::getFromResourceBundle (69 bytes)

GC Heap History (4 events):
Event: 0.859 GC heap before
{Heap before GC invocations=1 (full 0):
 PSYoungGen      total 38400K, used 13331K [0x00000000d5d80000, 0x00000000d8800000, 0x0000000100000000)
  eden space 33280K, 40% used [0x00000000d5d80000,0x00000000d6a84d20,0x00000000d7e00000)
  from space 5120K, 0% used [0x00000000d8300000,0x00000000d8300000,0x00000000d8800000)
  to   space 5120K, 0% used [0x00000000d7e00000,0x00000000d7e00000,0x00000000d8300000)
 ParOldGen       total 87552K, used 0K [0x0000000081800000, 0x0000000086d80000, 0x00000000d5d80000)
  object space 87552K, 0% used [0x0000000081800000,0x0000000081800000,0x0000000086d80000)
 Metaspace       used 12700K, capacity 12902K, committed 13184K, reserved 1069056K
  class space    used 1760K, capacity 1845K, committed 1920K, reserved 1048576K
Event: 0.868 GC heap after
Heap after GC invocations=1 (full 0):
 PSYoungGen      total 38400K, used 3257K [0x00000000d5d80000, 0x00000000d8800000, 0x0000000100000000)
  eden space 33280K, 0% used [0x00000000d5d80000,0x00000000d5d80000,0x00000000d7e00000)
  from space 5120K, 63% used [0x00000000d7e00000,0x00000000d812e7d0,0x00000000d8300000)
  to   space 5120K, 0% used [0x00000000d8300000,0x00000000d8300000,0x00000000d8800000)
 ParOldGen       total 87552K, used 80K [0x0000000081800000, 0x0000000086d80000, 0x00000000d5d80000)
  object space 87552K, 0% used [0x0000000081800000,0x0000000081814010,0x0000000086d80000)
 Metaspace       used 12700K, capacity 12902K, committed 13184K, reserved 1069056K
  class space    used 1760K, capacity 1845K, committed 1920K, reserved 1048576K
}
Event: 0.868 GC heap before
{Heap before GC invocations=2 (full 1):
 PSYoungGen      total 38400K, used 3257K [0x00000000d5d80000, 0x00000000d8800000, 0x0000000100000000)
  eden space 33280K, 0% used [0x00000000d5d80000,0x00000000d5d80000,0x00000000d7e00000)
  from space 5120K, 63% used [0x00000000d7e00000,0x00000000d812e7d0,0x00000000d8300000)
  to   space 5120K, 0% used [0x00000000d8300000,0x00000000d8300000,0x00000000d8800000)
 ParOldGen       total 87552K, used 80K [0x0000000081800000, 0x0000000086d80000, 0x00000000d5d80000)
  object space 87552K, 0% used [0x0000000081800000,0x0000000081814010,0x0000000086d80000)
 Metaspace       used 12700K, capacity 12902K, committed 13184K, reserved 1069056K
  class space    used 1760K, capacity 1845K, committed 1920K, reserved 1048576K
Event: 0.891 GC heap after
Heap after GC invocations=2 (full 1):
 PSYoungGen      total 38400K, used 0K [0x00000000d5d80000, 0x00000000d8800000, 0x0000000100000000)
  eden space 33280K, 0% used [0x00000000d5d80000,0x00000000d5d80000,0x00000000d7e00000)
  from space 5120K, 0% used [0x00000000d7e00000,0x00000000d7e00000,0x00000000d8300000)
  to   space 5120K, 0% used [0x00000000d8300000,0x00000000d8300000,0x00000000d8800000)
 ParOldGen       total 61440K, used 3221K [0x0000000081800000, 0x0000000085400000, 0x00000000d5d80000)
  object space 61440K, 5% used [0x0000000081800000,0x0000000081b256b0,0x0000000085400000)
 Metaspace       used 12700K, capacity 12902K, committed 13184K, reserved 1067008K
  class space    used 1760K, capacity 1845K, committed 1920K, reserved 1048576K
}

Deoptimization events (10 events):
Event: 1.283 Thread 0x000000001ac38800 Uncommon trap: reason=unstable_if action=reinterpret pc=0x0000000002f2a750 method=java.lang.ThreadLocal$ThreadLocalMap.getEntry(Ljava/lang/ThreadLocal;)Ljava/lang/ThreadLocal$ThreadLocalMap$Entry; @ 21
Event: 1.457 Thread 0x000000001913c800 Uncommon trap: reason=class_check action=maybe_recompile pc=0x0000000002eb90b8 method=java.util.HashMap.putVal(ILjava/lang/Object;Ljava/lang/Object;ZZ)Ljava/lang/Object; @ 253
Event: 1.457 Thread 0x000000001913c800 Uncommon trap: reason=class_check action=maybe_recompile pc=0x0000000002eb90b8 method=java.util.HashMap.putVal(ILjava/lang/Object;Ljava/lang/Object;ZZ)Ljava/lang/Object; @ 253
Event: 1.457 Thread 0x000000001913c800 Uncommon trap: reason=class_check action=maybe_recompile pc=0x0000000002eb90b8 method=java.util.HashMap.putVal(ILjava/lang/Object;Ljava/lang/Object;ZZ)Ljava/lang/Object; @ 253
Event: 1.458 Thread 0x000000001913c800 Uncommon trap: reason=class_check action=maybe_recompile pc=0x0000000002eb90b8 method=java.util.HashMap.putVal(ILjava/lang/Object;Ljava/lang/Object;ZZ)Ljava/lang/Object; @ 253
Event: 1.458 Thread 0x000000001913c800 Uncommon trap: reason=class_check action=maybe_recompile pc=0x0000000002eb4410 method=java.util.HashMap.putVal(ILjava/lang/Object;Ljava/lang/Object;ZZ)Ljava/lang/Object; @ 253
Event: 1.570 Thread 0x000000001912e000 Uncommon trap: reason=class_check action=maybe_recompile pc=0x0000000002fe4e1c method=java.util.HashMap.putVal(ILjava/lang/Object;Ljava/lang/Object;ZZ)Ljava/lang/Object; @ 203
Event: 1.570 Thread 0x000000001912e000 Uncommon trap: reason=class_check action=maybe_recompile pc=0x0000000002fe4dac method=java.util.HashMap.putVal(ILjava/lang/Object;Ljava/lang/Object;ZZ)Ljava/lang/Object; @ 91
Event: 1.570 Thread 0x000000001912e000 Uncommon trap: reason=class_check action=maybe_recompile pc=0x0000000002fe4e1c method=java.util.HashMap.putVal(ILjava/lang/Object;Ljava/lang/Object;ZZ)Ljava/lang/Object; @ 203
Event: 1.570 Thread 0x000000001912e000 Uncommon trap: reason=class_check action=maybe_recompile pc=0x0000000002ff6060 method=java.util.HashMap.putVal(ILjava/lang/Object;Ljava/lang/Object;ZZ)Ljava/lang/Object; @ 203

Internal exceptions (10 events):
Event: 0.198 Thread 0x0000000002ab0800 Exception <a 'java/security/PrivilegedActionException'> (0x00000000d5e8d490) thrown at [C:\re\workspace\8-2-build-windows-amd64-cygwin\jdk8u101\7261\hotspot\src\share\vm\prims\jvm.cpp, line 1386]
Event: 0.204 Thread 0x0000000002ab0800 Exception <a 'java/io/FileNotFoundException'> (0x00000000d5e90580) thrown at [C:\re\workspace\8-2-build-windows-amd64-cygwin\jdk8u101\7261\hotspot\src\share\vm\prims\jni.cpp, line 709]
Event: 0.251 Thread 0x0000000002ab0800 Exception <a 'java/lang/NoSuchFieldError': method resolution failed> (0x00000000d6003ea0) thrown at [C:\re\workspace\8-2-build-windows-amd64-cygwin\jdk8u101\7261\hotspot\src\share\vm\prims\methodHandles.cpp, line 1146]
Event: 0.253 Thread 0x0000000002ab0800 Exception <a 'java/lang/NoSuchFieldError': method resolution failed> (0x00000000d6011270) thrown at [C:\re\workspace\8-2-build-windows-amd64-cygwin\jdk8u101\7261\hotspot\src\share\vm\prims\methodHandles.cpp, line 1146]
Event: 0.326 Thread 0x000000001913c800 Exception <a 'java/io/FileNotFoundException'> (0x00000000d6173468) thrown at [C:\re\workspace\8-2-build-windows-amd64-cygwin\jdk8u101\7261\hotspot\src\share\vm\prims\jni.cpp, line 709]
Event: 0.348 Thread 0x000000001913c800 Implicit null exception at 0x0000000002d214e2 to 0x0000000002d216a9
Event: 0.413 Thread 0x000000001ac38800 Exception <a 'java/lang/InterruptedException': sleep interrupted> (0x00000000d63f5038) thrown at [C:\re\workspace\8-2-build-windows-amd64-cygwin\jdk8u101\7261\hotspot\src\share\vm\prims\jvm.cpp, line 3167]
Event: 0.898 Thread 0x000000001913c800 Exception <a 'java/io/FileNotFoundException'> (0x00000000d5d869b0) thrown at [C:\re\workspace\8-2-build-windows-amd64-cygwin\jdk8u101\7261\hotspot\src\share\vm\prims\jni.cpp, line 709]
Event: 0.898 Thread 0x000000001913c800 Exception <a 'java/lang/NullPointerException'> (0x00000000d5d87240) thrown at [C:\re\workspace\8-2-build-windows-amd64-cygwin\jdk8u101\7261\hotspot\src\share\vm\interpreter\linkResolver.cpp, line 1178]
Event: 1.283 Thread 0x000000001ac38800 Implicit null exception at 0x0000000002f2a6bb to 0x0000000002f2a731

Events (10 events):
Event: 1.570 Thread 0x000000001912e000 DEOPT UNPACKING pc=0x0000000002bf582a sp=0x0000000019bee530 mode 2
Event: 1.570 Thread 0x000000001912e000 Uncommon trap: trap_request=0xffffffde fr.pc=0x0000000002fe4dac
Event: 1.570 Thread 0x000000001912e000 DEOPT PACKING pc=0x0000000002fe4dac sp=0x0000000019bee620
Event: 1.570 Thread 0x000000001912e000 DEOPT UNPACKING pc=0x0000000002bf582a sp=0x0000000019bee530 mode 2
Event: 1.570 Thread 0x000000001912e000 Uncommon trap: trap_request=0xffffffde fr.pc=0x0000000002fe4e1c
Event: 1.570 Thread 0x000000001912e000 DEOPT PACKING pc=0x0000000002fe4e1c sp=0x0000000019bee620
Event: 1.570 Thread 0x000000001912e000 DEOPT UNPACKING pc=0x0000000002bf582a sp=0x0000000019bee530 mode 2
Event: 1.570 Thread 0x000000001912e000 Uncommon trap: trap_request=0xffffffde fr.pc=0x0000000002ff6060
Event: 1.570 Thread 0x000000001912e000 DEOPT PACKING pc=0x0000000002ff6060 sp=0x0000000019bee580
Event: 1.570 Thread 0x000000001912e000 DEOPT UNPACKING pc=0x0000000002bf582a sp=0x0000000019bee528 mode 2


Dynamic libraries:
0x00007ff7520d0000 - 0x00007ff752107000 	C:\Program Files\Java\jre1.8.0_101\bin\javaw.exe
0x00007ffcfcda0000 - 0x00007ffcfcf71000 	C:\Windows\SYSTEM32\ntdll.dll
0x00007ffcfc8c0000 - 0x00007ffcfc96b000 	C:\Windows\System32\KERNEL32.DLL
0x00007ffcf9e50000 - 0x00007ffcfa06d000 	C:\Windows\System32\KERNELBASE.dll
0x00007ffcfacc0000 - 0x00007ffcfad62000 	C:\Windows\System32\ADVAPI32.dll
0x00007ffcfa950000 - 0x00007ffcfa9ee000 	C:\Windows\System32\msvcrt.dll
0x00007ffcfc5f0000 - 0x00007ffcfc649000 	C:\Windows\System32\sechost.dll
0x00007ffcfa820000 - 0x00007ffcfa941000 	C:\Windows\System32\RPCRT4.dll
0x00007ffcfcbc0000 - 0x00007ffcfcd25000 	C:\Windows\System32\USER32.dll
0x00007ffcf9c40000 - 0x00007ffcf9c5e000 	C:\Windows\System32\win32u.dll
0x00007ffcfcd60000 - 0x00007ffcfcd94000 	C:\Windows\System32\GDI32.dll
0x00007ffcf9cc0000 - 0x00007ffcf9e42000 	C:\Windows\System32\gdi32full.dll
0x00007ffcebef0000 - 0x00007ffcec169000 	C:\Windows\WinSxS\amd64_microsoft.windows.common-controls_6595b64144ccf1df_6.0.14393.447_none_42191651c6827bb3\COMCTL32.dll
0x00007ffcfa9f0000 - 0x00007ffcfacb8000 	C:\Windows\System32\combase.dll
0x00007ffcf9b40000 - 0x00007ffcf9c35000 	C:\Windows\System32\ucrtbase.dll
0x00007ffcf93f0000 - 0x00007ffcf945a000 	C:\Windows\System32\bcryptPrimitives.dll
0x00007ffcfcd30000 - 0x00007ffcfcd5e000 	C:\Windows\System32\IMM32.DLL
0x000000005a080000 - 0x000000005a152000 	C:\Program Files\Java\jre1.8.0_101\bin\msvcr100.dll
0x00000000586d0000 - 0x0000000058f6a000 	C:\Program Files\Java\jre1.8.0_101\bin\server\jvm.dll
0x00007ffcfc8b0000 - 0x00007ffcfc8b8000 	C:\Windows\System32\PSAPI.DLL
0x00007ffcf6fa0000 - 0x00007ffcf6fc3000 	C:\Windows\SYSTEM32\WINMM.dll
0x00007ffcefe80000 - 0x00007ffcefe89000 	C:\Windows\SYSTEM32\WSOCK32.dll
0x00007ffced240000 - 0x00007ffced24a000 	C:\Windows\SYSTEM32\VERSION.dll
0x00007ffcf6f40000 - 0x00007ffcf6f6b000 	C:\Windows\SYSTEM32\WINMMBASE.dll
0x00007ffcfcb50000 - 0x00007ffcfcbba000 	C:\Windows\System32\WS2_32.dll
0x00007ffcfa2e0000 - 0x00007ffcfa322000 	C:\Windows\System32\cfgmgr32.dll
0x000000005a070000 - 0x000000005a07f000 	C:\Program Files\Java\jre1.8.0_101\bin\verify.dll
0x000000005a040000 - 0x000000005a069000 	C:\Program Files\Java\jre1.8.0_101\bin\java.dll
0x000000005a020000 - 0x000000005a036000 	C:\Program Files\Java\jre1.8.0_101\bin\zip.dll
0x00007ffcfaed0000 - 0x00007ffcfc3d9000 	C:\Windows\System32\SHELL32.dll
0x00007ffcf9460000 - 0x00007ffcf9b3a000 	C:\Windows\System32\windows.storage.dll
0x00007ffcf9230000 - 0x00007ffcf927c000 	C:\Windows\System32\powrprof.dll
0x00007ffcfa7c0000 - 0x00007ffcfa812000 	C:\Windows\System32\shlwapi.dll
0x00007ffcf9220000 - 0x00007ffcf922f000 	C:\Windows\System32\kernel.appcore.dll
0x00007ffcf9340000 - 0x00007ffcf93e9000 	C:\Windows\System32\shcore.dll
0x00007ffcf9200000 - 0x00007ffcf9214000 	C:\Windows\System32\profapi.dll
0x0000000059e80000 - 0x000000005a018000 	C:\Program Files\Java\jre1.8.0_101\bin\awt.dll
0x00007ffcfc7f0000 - 0x00007ffcfc8af000 	C:\Windows\System32\OLEAUT32.dll
0x00007ffcfa070000 - 0x00007ffcfa10c000 	C:\Windows\System32\msvcp_win.dll
0x00007ffcf7600000 - 0x00007ffcf767a000 	C:\Windows\SYSTEM32\apphelp.dll
0x00007ffcf77e0000 - 0x00007ffcf7875000 	C:\Windows\system32\uxtheme.dll
0x00007ffcfad70000 - 0x00007ffcfaecb000 	C:\Windows\System32\MSCTF.dll
0x00007ffcf6cb0000 - 0x00007ffcf6cd6000 	C:\Windows\system32\dwmapi.dll
0x00007ffcfc6b0000 - 0x00007ffcfc7e7000 	C:\Windows\System32\ole32.dll
0x0000000059e30000 - 0x0000000059e77000 	C:\Program Files\Java\jre1.8.0_101\bin\fontmanager.dll
0x0000000059e10000 - 0x0000000059e2a000 	C:\Program Files\Java\jre1.8.0_101\bin\net.dll
0x00007ffcf89e0000 - 0x00007ffcf8a3c000 	C:\Windows\system32\mswsock.dll
0x0000000059df0000 - 0x0000000059e01000 	C:\Program Files\Java\jre1.8.0_101\bin\nio.dll
0x0000000059da0000 - 0x0000000059de2000 	C:\Program Files\Java\jre1.8.0_101\bin\t2k.dll

VM Arguments:
jvm_args: -Dfile.encoding=UTF-8 
java_command: kr.or.dgit.bigdata.swmng.main.SwMngMain
java_class_path (initial): E:\workspace\workspace-java\softwaremanager\bin;C:\Users\ll052\.gradle\caches\modules-2\files-2.1\junit\junit\4.12\2973d150c0dc1fefe998f834810d68f278ea58ec\junit-4.12.jar;C:\Users\ll052\.gradle\caches\modules-2\files-2.1\log4j\log4j\1.2.17\5af35056b4d257e4b64b9e8069c0746e8b08629f\log4j-1.2.17.jar;C:\Users\ll052\.gradle\caches\modules-2\files-2.1\mysql\mysql-connector-java\5.1.40\ef2a2ceab1735eaaae0b5d1cccf574fb7c6e1c52\mysql-connector-java-5.1.40.jar;C:\Users\ll052\.gradle\caches\modules-2\files-2.1\org.hamcrest\hamcrest-core\1.3\42a25dc3219429f0e5d060061f71acb49bf010a0\hamcrest-core-1.3.jar;C:\Users\ll052\.gradle\caches\modules-2\files-2.1\org.mybatis\mybatis\3.4.1\c5624f69848187a6bf1865cf64467beecdb9fa68\mybatis-3.4.1.jar;E:\workspace\workspace-java\softwaremanager\src\myAppJar\jdatepicker-1.3.4.jar;E:\workspace\workspace-java\softwaremanager\src\myAppJar\synthetica.jar;E:\workspace\workspace-java\softwaremanager\src\myAppJar\syntheticaAluOxide.jar
Launcher Type: SUN_STANDARD

Environment Variables:
JAVA_HOME=C:\Program Files\Java\jdk1.8.0_101
PATH=C:/Program Files/Java/jre1.8.0_111/bin/server;C:/Program Files/Java/jre1.8.0_111/bin;C:/Program Files/Java/jre1.8.0_111/lib/amd64;C:\ProgramData\Oracle\Java\javapath;C:\Windows\system32;C:\Windows;C:\Windows\System32\Wbem;C:\Windows\System32\WindowsPowerShell\v1.0\;C:\Program Files\Java\jdk1.8.0_101\bin;C:\Program Files\MySQL\MySQL Server 5.6\bin;C:\eclipse-web\android-sdk\tools;C:\eclipse-web\android-sdk\platform-tools;C:\Program Files\nodejs\;C:\apache-ant-1.9.7\bin;C:\Users\ll052\AppData\Local\Microsoft\WindowsApps;C:\Program Files\Bandizip\7z;C:\Users\ll052\AppData\Roaming\npm;E:\eclipse-java-mars;
USERNAME=ll052
OS=Windows_NT
PROCESSOR_IDENTIFIER=Intel64 Family 6 Model 58 Stepping 9, GenuineIntel



---------------  S Y S T E M  ---------------

OS: Windows 10.0 , 64 bit Build 14393 (10.0.14393.0)

CPU:total 4 (2 cores per cpu, 2 threads per core) family 6 model 58 stepping 9, cmov, cx8, fxsr, mmx, sse, sse2, sse3, ssse3, sse4.1, sse4.2, popcnt, avx, aes, clmul, erms, ht, tsc, tscinvbit, tscinv

Memory: 4k page, physical 8288572k(1019168k free), swap 14767356k(3376k free)

vm_info: Java HotSpot(TM) 64-Bit Server VM (25.101-b13) for windows-amd64 JRE (1.8.0_101-b13), built on Jun 22 2016 01:21:29 by "java_re" with MS VC++ 10.0 (VS2010)

time: Sat Jan 07 23:02:11 2017
elapsed time: 1 seconds (0d 0h 0m 1s)

